<?xml version="1.0" encoding="UTF-8"?>
<!-- Generated by org.testng.reporters.JUnitReportReporter -->
<testsuite skipped="0" hostname="AA-PC" name="framework_testng.Testng_Method_Dependencies" tests="8" failures="0" timestamp="07 Oct 2018 06:00:54 GMT" time="0.015" errors="0">
  <testcase name="Browser_launch" time="0.000" classname="framework_testng.Testng_Method_Dependencies"/>
  <testcase name="App_Load" time="0.000" classname="framework_testng.Testng_Method_Dependencies"/>
  <testcase name="User_login" time="0.015" classname="framework_testng.Testng_Method_Dependencies"/>
  <testcase name="ComposeEmail" time="0.000" classname="framework_testng.Testng_Method_Dependencies"/>
  <testcase name="Search_email" time="0.000" classname="framework_testng.Testng_Method_Dependencies"/>
  <testcase name="Verify_Email_At_inbox" time="0.000" classname="framework_testng.Testng_Method_Dependencies"/>
  <testcase name="Verify_Email_At_Sentmails" time="0.000" classname="framework_testng.Testng_Method_Dependencies"/>
  <testcase name="User_Signout" time="0.000" classname="framework_testng.Testng_Method_Dependencies"/>
</testsuite> <!-- framework_testng.Testng_Method_Dependencies -->
