<?xml version="1.0" encoding="UTF-8"?>
<!-- Generated by org.testng.reporters.JUnitReportReporter -->
<testsuite skipped="0" hostname="AA-PC" name="framework_testng.SuiteFile_Execution.Class1" tests="2" failures="0" timestamp="07 Oct 2018 06:25:08 GMT" time="0.000" errors="0">
  <testcase name="tc001" time="0.000" classname="framework_testng.SuiteFile_Execution.Class1"/>
  <testcase name="tc002" time="0.000" classname="framework_testng.SuiteFile_Execution.Class1"/>
</testsuite> <!-- framework_testng.SuiteFile_Execution.Class1 -->
