<?xml version="1.0" encoding="UTF-8"?>
<!-- Generated by org.testng.reporters.JUnitReportReporter -->
<testsuite skipped="0" hostname="AA-PC" name="framework_testng.Groups.TestSuite1" tests="2" failures="0" timestamp="08 Oct 2018 05:56:43 GMT" time="0.021" errors="0">
  <testcase name="tc001" time="0.020" classname="framework_testng.Groups.TestSuite1"/>
  <testcase name="tc002" time="0.001" classname="framework_testng.Groups.TestSuite1"/>
</testsuite> <!-- framework_testng.Groups.TestSuite1 -->
