<?xml version="1.0" encoding="UTF-8"?>
<!-- Generated by org.testng.reporters.JUnitReportReporter -->
<testsuite skipped="0" hostname="AA-PC" name="framework_testng.Suite_Parameter.Get_Parameters_From_Suite" tests="3" failures="0" timestamp="08 Oct 2018 05:27:51 GMT" time="8.115" errors="0">
  <testcase name="launch_browser" time="2.927" classname="framework_testng.Suite_Parameter.Get_Parameters_From_Suite"/>
  <testcase name="loadWebpage" time="3.350" classname="framework_testng.Suite_Parameter.Get_Parameters_From_Suite"/>
  <testcase name="EnterEmail" time="1.838" classname="framework_testng.Suite_Parameter.Get_Parameters_From_Suite"/>
</testsuite> <!-- framework_testng.Suite_Parameter.Get_Parameters_From_Suite -->
