<?xml version="1.0" encoding="UTF-8"?>
<!-- Generated by org.testng.reporters.JUnitReportReporter -->
<testsuite skipped="0" hostname="AA-PC" name="framework_testng.Dataprovider.ReadData_WithExcel_integration" tests="19" failures="0" timestamp="10 Oct 2018 05:59:47 GMT" time="0.033" errors="0">
  <testcase name="testlogin" time="0.017" classname="framework_testng.Dataprovider.ReadData_WithExcel_integration"/>
  <testcase name="testlogin" time="0.000" classname="framework_testng.Dataprovider.ReadData_WithExcel_integration"/>
  <testcase name="testlogin" time="0.000" classname="framework_testng.Dataprovider.ReadData_WithExcel_integration"/>
  <testcase name="testlogin" time="0.000" classname="framework_testng.Dataprovider.ReadData_WithExcel_integration"/>
  <testcase name="testlogin" time="0.000" classname="framework_testng.Dataprovider.ReadData_WithExcel_integration"/>
  <testcase name="testlogin" time="0.000" classname="framework_testng.Dataprovider.ReadData_WithExcel_integration"/>
  <testcase name="testlogin" time="0.000" classname="framework_testng.Dataprovider.ReadData_WithExcel_integration"/>
  <testcase name="testlogin" time="0.000" classname="framework_testng.Dataprovider.ReadData_WithExcel_integration"/>
  <testcase name="testlogin" time="0.000" classname="framework_testng.Dataprovider.ReadData_WithExcel_integration"/>
  <testcase name="testlogin" time="0.000" classname="framework_testng.Dataprovider.ReadData_WithExcel_integration"/>
  <testcase name="testlogin" time="0.000" classname="framework_testng.Dataprovider.ReadData_WithExcel_integration"/>
  <testcase name="testlogin" time="0.000" classname="framework_testng.Dataprovider.ReadData_WithExcel_integration"/>
  <testcase name="testlogin" time="0.016" classname="framework_testng.Dataprovider.ReadData_WithExcel_integration"/>
  <testcase name="testlogin" time="0.000" classname="framework_testng.Dataprovider.ReadData_WithExcel_integration"/>
  <testcase name="testlogin" time="0.000" classname="framework_testng.Dataprovider.ReadData_WithExcel_integration"/>
  <testcase name="testlogin" time="0.000" classname="framework_testng.Dataprovider.ReadData_WithExcel_integration"/>
  <testcase name="testlogin" time="0.000" classname="framework_testng.Dataprovider.ReadData_WithExcel_integration"/>
  <testcase name="testlogin" time="0.000" classname="framework_testng.Dataprovider.ReadData_WithExcel_integration"/>
  <testcase name="testlogin" time="0.000" classname="framework_testng.Dataprovider.ReadData_WithExcel_integration"/>
</testsuite> <!-- framework_testng.Dataprovider.ReadData_WithExcel_integration -->
