<?xml version="1.0" encoding="UTF-8"?>
<!-- Generated by org.testng.reporters.JUnitReportReporter -->
<testsuite skipped="0" hostname="AA-PC" name="framework_testng.Groups.TestSuite2" tests="1" failures="0" timestamp="08 Oct 2018 05:56:43 GMT" time="0.002" errors="0">
  <testcase name="tc005" time="0.002" classname="framework_testng.Groups.TestSuite2"/>
</testsuite> <!-- framework_testng.Groups.TestSuite2 -->
