<?xml version="1.0" encoding="UTF-8"?>
<!-- Generated by org.testng.reporters.JUnitReportReporter -->
<testsuite skipped="0" hostname="AA-PC" name="framework_testng.Method_priority" tests="3" failures="0" timestamp="07 Oct 2018 05:13:21 GMT" time="0.031" errors="0">
  <testcase name="f" time="0.031" classname="framework_testng.Method_priority"/>
  <testcase name="x" time="0.000" classname="framework_testng.Method_priority"/>
  <testcase name="a" time="0.000" classname="framework_testng.Method_priority"/>
</testsuite> <!-- framework_testng.Method_priority -->
