<?xml version="1.0" encoding="UTF-8"?>
<!-- Generated by org.testng.reporters.JUnitReportReporter -->
<testsuite skipped="0" hostname="AA-PC" name="framework_testng.Method_Description" tests="3" failures="0" timestamp="07 Oct 2018 05:19:34 GMT" time="0.032" errors="0">
  <testcase name="method1" time="0.016" classname="framework_testng.Method_Description"/>
  <testcase name="method2" time="0.016" classname="framework_testng.Method_Description"/>
  <testcase name="method3" time="0.000" classname="framework_testng.Method_Description"/>
</testsuite> <!-- framework_testng.Method_Description -->
