<?xml version="1.0" encoding="UTF-8"?>
<!-- Generated by org.testng.reporters.JUnitReportReporter -->
<testsuite skipped="0" hostname="AA-PC" name="framework_testng.My_Testng_Test1" tests="1" failures="0" timestamp="06 Oct 2018 07:27:10 GMT" time="2.164" errors="0">
  <testcase name="verify_messenger_link" time="2.164" classname="framework_testng.My_Testng_Test1"/>
</testsuite> <!-- framework_testng.My_Testng_Test1 -->
