<?xml version="1.0" encoding="UTF-8"?>
<!-- Generated by org.testng.reporters.JUnitReportReporter -->
<testsuite skipped="0" hostname="AA-PC" name="framework_testng.BeforeTest_and_AfterTest.TestSuite1" tests="6" failures="0" timestamp="07 Oct 2018 06:41:04 GMT" time="0.015" errors="0">
  <testcase name="tc002" time="0.000" classname="framework_testng.BeforeTest_and_AfterTest.TestSuite1"/>
  <testcase name="tc003" time="0.000" classname="framework_testng.BeforeTest_and_AfterTest.TestSuite1"/>
  <testcase name="tc001" time="0.000" classname="framework_testng.BeforeTest_and_AfterTest.TestSuite1"/>
  <testcase name="tc001" time="0.000" classname="framework_testng.BeforeTest_and_AfterTest.TestSuite1"/>
  <testcase name="tc002" time="0.000" classname="framework_testng.BeforeTest_and_AfterTest.TestSuite1"/>
  <testcase name="tc003" time="0.015" classname="framework_testng.BeforeTest_and_AfterTest.TestSuite1"/>
</testsuite> <!-- framework_testng.BeforeTest_and_AfterTest.TestSuite1 -->
