<?xml version="1.0" encoding="UTF-8"?>
<!-- Generated by org.testng.reporters.JUnitReportReporter -->
<testsuite skipped="0" hostname="AA-PC" name="framework_testng.Dataprovider.Default_Dataprovider" tests="3" failures="0" timestamp="10 Oct 2018 05:33:51 GMT" time="0.016" errors="0">
  <testcase name="user_reg" time="0.000" classname="framework_testng.Dataprovider.Default_Dataprovider"/>
  <testcase name="user_reg" time="0.016" classname="framework_testng.Dataprovider.Default_Dataprovider"/>
  <testcase name="user_reg" time="0.000" classname="framework_testng.Dataprovider.Default_Dataprovider"/>
</testsuite> <!-- framework_testng.Dataprovider.Default_Dataprovider -->
