<?xml version="1.0" encoding="UTF-8"?>
<!-- Generated by org.testng.reporters.JUnitReportReporter -->
<testsuite skipped="1" hostname="AA-PC" name="framework_testng.Dataprovider.Read_Data_From_DP" tests="4" failures="0" timestamp="10 Oct 2018 05:28:04 GMT" time="0.094" errors="0">
  <testcase name="user_reg" time="0.000" classname="framework_testng.Dataprovider.Read_Data_From_DP"/>
  <testcase name="user_reg" time="0.094" classname="framework_testng.Dataprovider.Read_Data_From_DP"/>
  <testcase name="user_reg" time="0.000" classname="framework_testng.Dataprovider.Read_Data_From_DP"/>
  <testcase name="user_login" classname="framework_testng.Dataprovider.Read_Data_From_DP">
    <skipped/>
  </testcase> <!-- user_login -->
</testsuite> <!-- framework_testng.Dataprovider.Read_Data_From_DP -->
