<?xml version="1.0" encoding="UTF-8"?>
<!-- Generated by org.testng.reporters.JUnitReportReporter -->
<testsuite skipped="0" hostname="AA-PC" name="framework_testng.BeforeTest_and_AfterTest.Listners_For_Firefox" tests="1" failures="0" timestamp="07 Oct 2018 06:41:04 GMT" time="0.000" errors="0">
  <testcase name="login" time="0.000" classname="framework_testng.BeforeTest_and_AfterTest.Listners_For_Firefox"/>
</testsuite> <!-- framework_testng.BeforeTest_and_AfterTest.Listners_For_Firefox -->
