<?xml version="1.0" encoding="UTF-8"?>
<!-- Generated by org.testng.reporters.JUnitReportReporter -->
<testsuite skipped="0" hostname="AA-PC" name="framework_testng.BeforeTest_and_AfterTest.TestSuite2" tests="6" failures="0" timestamp="07 Oct 2018 06:41:04 GMT" time="0.000" errors="0">
  <testcase name="tc006" time="0.000" classname="framework_testng.BeforeTest_and_AfterTest.TestSuite2"/>
  <testcase name="tc004" time="0.000" classname="framework_testng.BeforeTest_and_AfterTest.TestSuite2"/>
  <testcase name="tc006" time="0.000" classname="framework_testng.BeforeTest_and_AfterTest.TestSuite2"/>
  <testcase name="tc005" time="0.000" classname="framework_testng.BeforeTest_and_AfterTest.TestSuite2"/>
  <testcase name="tc004" time="0.000" classname="framework_testng.BeforeTest_and_AfterTest.TestSuite2"/>
  <testcase name="tc005" time="0.000" classname="framework_testng.BeforeTest_and_AfterTest.TestSuite2"/>
</testsuite> <!-- framework_testng.BeforeTest_and_AfterTest.TestSuite2 -->
